{"C:\\Users\\soren\\software_development\\NICU-Shift-Scheduler\\backend\\index.js": {"path":"C:\\Users\\soren\\software_development\\NICU-Shift-Scheduler\\backend\\index.js","statementMap":{"0":{"start":{"line":1,"column":15},"end":{"line":1,"column":46}},"1":{"start":{"line":2,"column":16},"end":{"line":2,"column":34}},"2":{"start":{"line":3,"column":17},"end":{"line":3,"column":36}},"3":{"start":{"line":4,"column":19},"end":{"line":4,"column":41}},"4":{"start":{"line":5,"column":13},"end":{"line":5,"column":28}},"5":{"start":{"line":7,"column":21},"end":{"line":43,"column":1}},"6":{"start":{"line":9,"column":12},"end":{"line":9,"column":21}},"7":{"start":{"line":10,"column":13},"end":{"line":10,"column":17}},"8":{"start":{"line":11,"column":18},"end":{"line":11,"column":75}},"9":{"start":{"line":13,"column":0},"end":{"line":13,"column":24}},"10":{"start":{"line":16,"column":0},"end":{"line":20,"column":65}},"11":{"start":{"line":19,"column":14},"end":{"line":19,"column":62}},"12":{"start":{"line":20,"column":16},"end":{"line":20,"column":63}},"13":{"start":{"line":23,"column":11},"end":{"line":23,"column":30}},"14":{"start":{"line":24,"column":0},"end":{"line":24,"column":73}},"15":{"start":{"line":25,"column":0},"end":{"line":27,"column":3}},"16":{"start":{"line":26,"column":2},"end":{"line":26,"column":38}},"17":{"start":{"line":30,"column":0},"end":{"line":30,"column":50}},"18":{"start":{"line":31,"column":0},"end":{"line":31,"column":26}},"19":{"start":{"line":34,"column":0},"end":{"line":34,"column":16}},"20":{"start":{"line":37,"column":0},"end":{"line":39,"column":3}},"21":{"start":{"line":38,"column":2},"end":{"line":38,"column":47}},"22":{"start":{"line":41,"column":0},"end":{"line":41,"column":21}},"23":{"start":{"line":42,"column":0},"end":{"line":42,"column":11}},"24":{"start":{"line":45,"column":0},"end":{"line":45,"column":32}}},"fnMap":{"0":{"name":"(anonymous_0)","decl":{"start":{"line":7,"column":21},"end":{"line":7,"column":22}},"loc":{"start":{"line":7,"column":27},"end":{"line":43,"column":1}},"line":7},"1":{"name":"(anonymous_1)","decl":{"start":{"line":19,"column":8},"end":{"line":19,"column":9}},"loc":{"start":{"line":19,"column":14},"end":{"line":19,"column":62}},"line":19},"2":{"name":"(anonymous_2)","decl":{"start":{"line":20,"column":9},"end":{"line":20,"column":10}},"loc":{"start":{"line":20,"column":16},"end":{"line":20,"column":63}},"line":20},"3":{"name":"(anonymous_3)","decl":{"start":{"line":25,"column":16},"end":{"line":25,"column":17}},"loc":{"start":{"line":25,"column":22},"end":{"line":27,"column":1}},"line":25},"4":{"name":"(anonymous_4)","decl":{"start":{"line":37,"column":22},"end":{"line":37,"column":23}},"loc":{"start":{"line":37,"column":36},"end":{"line":39,"column":1}},"line":37}},"branchMap":{"0":{"loc":{"start":{"line":11,"column":18},"end":{"line":11,"column":75}},"type":"binary-expr","locations":[{"start":{"line":11,"column":18},"end":{"line":11,"column":39}},{"start":{"line":11,"column":43},"end":{"line":11,"column":75}}],"line":11}},"s":{"0":1,"1":1,"2":1,"3":1,"4":1,"5":1,"6":1,"7":1,"8":1,"9":1,"10":1,"11":1,"12":0,"13":1,"14":1,"15":1,"16":1,"17":1,"18":1,"19":1,"20":1,"21":0,"22":1,"23":1,"24":1},"f":{"0":1,"1":1,"2":0,"3":1,"4":0},"b":{"0":[1,1]},"_coverageSchema":"1a1c01bbd47fc00a2c39e90264f33305004495a9","hash":"b490234248c12f01326dd8258b31f0417b1bf48d"}
,"C:\\Users\\soren\\software_development\\NICU-Shift-Scheduler\\backend\\controllers\\loginController.js": {"path":"C:\\Users\\soren\\software_development\\NICU-Shift-Scheduler\\backend\\controllers\\loginController.js","statementMap":{"0":{"start":{"line":2,"column":14},"end":{"line":2,"column":49}},"1":{"start":{"line":3,"column":14},"end":{"line":3,"column":49}},"2":{"start":{"line":4,"column":15},"end":{"line":4,"column":34}},"3":{"start":{"line":5,"column":12},"end":{"line":5,"column":35}},"4":{"start":{"line":10,"column":22},"end":{"line":10,"column":66}},"5":{"start":{"line":11,"column":23},"end":{"line":11,"column":68}},"6":{"start":{"line":12,"column":23},"end":{"line":16,"column":1}},"7":{"start":{"line":13,"column":24},"end":{"line":13,"column":77}},"8":{"start":{"line":14,"column":25},"end":{"line":14,"column":78}},"9":{"start":{"line":15,"column":4},"end":{"line":15,"column":41}},"10":{"start":{"line":19,"column":20},"end":{"line":38,"column":1}},"11":{"start":{"line":20,"column":21},"end":{"line":20,"column":40}},"12":{"start":{"line":22,"column":4},"end":{"line":37,"column":5}},"13":{"start":{"line":24,"column":22},"end":{"line":24,"column":43}},"14":{"start":{"line":25,"column":8},"end":{"line":25,"column":58}},"15":{"start":{"line":27,"column":8},"end":{"line":30,"column":9}},"16":{"start":{"line":28,"column":26},"end":{"line":28,"column":56}},"17":{"start":{"line":29,"column":12},"end":{"line":29,"column":122}},"18":{"start":{"line":31,"column":8},"end":{"line":34,"column":9}},"19":{"start":{"line":32,"column":29},"end":{"line":32,"column":73}},"20":{"start":{"line":32,"column":63},"end":{"line":32,"column":72}},"21":{"start":{"line":33,"column":12},"end":{"line":33,"column":75}},"22":{"start":{"line":35,"column":8},"end":{"line":35,"column":27}},"23":{"start":{"line":36,"column":8},"end":{"line":36,"column":85}},"24":{"start":{"line":44,"column":19},"end":{"line":75,"column":1}},"25":{"start":{"line":45,"column":4},"end":{"line":74,"column":5}},"26":{"start":{"line":46,"column":39},"end":{"line":46,"column":47}},"27":{"start":{"line":48,"column":8},"end":{"line":50,"column":9}},"28":{"start":{"line":49,"column":12},"end":{"line":49,"column":110}},"29":{"start":{"line":52,"column":22},"end":{"line":52,"column":55}},"30":{"start":{"line":53,"column":8},"end":{"line":55,"column":9}},"31":{"start":{"line":54,"column":12},"end":{"line":54,"column":92}},"32":{"start":{"line":57,"column":30},"end":{"line":57,"column":76}},"33":{"start":{"line":58,"column":8},"end":{"line":60,"column":9}},"34":{"start":{"line":59,"column":12},"end":{"line":59,"column":92}},"35":{"start":{"line":62,"column":46},"end":{"line":62,"column":71}},"36":{"start":{"line":64,"column":8},"end":{"line":68,"column":10}},"37":{"start":{"line":70,"column":8},"end":{"line":70,"column":75}},"38":{"start":{"line":72,"column":8},"end":{"line":72,"column":29}},"39":{"start":{"line":73,"column":8},"end":{"line":73,"column":71}},"40":{"start":{"line":77,"column":16},"end":{"line":92,"column":1}},"41":{"start":{"line":78,"column":22},"end":{"line":78,"column":30}},"42":{"start":{"line":79,"column":4},"end":{"line":79,"column":43}},"43":{"start":{"line":79,"column":16},"end":{"line":79,"column":43}},"44":{"start":{"line":81,"column":24},"end":{"line":81,"column":54}},"45":{"start":{"line":82,"column":4},"end":{"line":82,"column":49}},"46":{"start":{"line":82,"column":22},"end":{"line":82,"column":49}},"47":{"start":{"line":84,"column":4},"end":{"line":91,"column":5}},"48":{"start":{"line":85,"column":24},"end":{"line":85,"column":57}},"49":{"start":{"line":86,"column":31},"end":{"line":86,"column":104}},"50":{"start":{"line":87,"column":8},"end":{"line":87,"column":59}},"51":{"start":{"line":89,"column":8},"end":{"line":89,"column":27}},"52":{"start":{"line":90,"column":8},"end":{"line":90,"column":35}},"53":{"start":{"line":94,"column":0},"end":{"line":94,"column":52}}},"fnMap":{"0":{"name":"(anonymous_0)","decl":{"start":{"line":12,"column":23},"end":{"line":12,"column":24}},"loc":{"start":{"line":12,"column":31},"end":{"line":16,"column":1}},"line":12},"1":{"name":"(anonymous_1)","decl":{"start":{"line":19,"column":20},"end":{"line":19,"column":21}},"loc":{"start":{"line":19,"column":40},"end":{"line":38,"column":1}},"line":19},"2":{"name":"(anonymous_2)","decl":{"start":{"line":32,"column":59},"end":{"line":32,"column":60}},"loc":{"start":{"line":32,"column":63},"end":{"line":32,"column":72}},"line":32},"3":{"name":"(anonymous_3)","decl":{"start":{"line":44,"column":19},"end":{"line":44,"column":20}},"loc":{"start":{"line":44,"column":39},"end":{"line":75,"column":1}},"line":44},"4":{"name":"(anonymous_4)","decl":{"start":{"line":77,"column":16},"end":{"line":77,"column":17}},"loc":{"start":{"line":77,"column":36},"end":{"line":92,"column":1}},"line":77}},"branchMap":{"0":{"loc":{"start":{"line":10,"column":22},"end":{"line":10,"column":66}},"type":"binary-expr","locations":[{"start":{"line":10,"column":22},"end":{"line":10,"column":53}},{"start":{"line":10,"column":57},"end":{"line":10,"column":66}}],"line":10},"1":{"loc":{"start":{"line":11,"column":23},"end":{"line":11,"column":68}},"type":"binary-expr","locations":[{"start":{"line":11,"column":23},"end":{"line":11,"column":55}},{"start":{"line":11,"column":59},"end":{"line":11,"column":68}}],"line":11},"2":{"loc":{"start":{"line":27,"column":8},"end":{"line":30,"column":9}},"type":"if","locations":[{"start":{"line":27,"column":8},"end":{"line":30,"column":9}},{"start":{},"end":{}}],"line":27},"3":{"loc":{"start":{"line":31,"column":8},"end":{"line":34,"column":9}},"type":"if","locations":[{"start":{"line":31,"column":8},"end":{"line":34,"column":9}},{"start":{},"end":{}}],"line":31},"4":{"loc":{"start":{"line":48,"column":8},"end":{"line":50,"column":9}},"type":"if","locations":[{"start":{"line":48,"column":8},"end":{"line":50,"column":9}},{"start":{},"end":{}}],"line":48},"5":{"loc":{"start":{"line":48,"column":12},"end":{"line":48,"column":34}},"type":"binary-expr","locations":[{"start":{"line":48,"column":12},"end":{"line":48,"column":21}},{"start":{"line":48,"column":25},"end":{"line":48,"column":34}}],"line":48},"6":{"loc":{"start":{"line":53,"column":8},"end":{"line":55,"column":9}},"type":"if","locations":[{"start":{"line":53,"column":8},"end":{"line":55,"column":9}},{"start":{},"end":{}}],"line":53},"7":{"loc":{"start":{"line":58,"column":8},"end":{"line":60,"column":9}},"type":"if","locations":[{"start":{"line":58,"column":8},"end":{"line":60,"column":9}},{"start":{},"end":{}}],"line":58},"8":{"loc":{"start":{"line":79,"column":4},"end":{"line":79,"column":43}},"type":"if","locations":[{"start":{"line":79,"column":4},"end":{"line":79,"column":43}},{"start":{},"end":{}}],"line":79},"9":{"loc":{"start":{"line":82,"column":4},"end":{"line":82,"column":49}},"type":"if","locations":[{"start":{"line":82,"column":4},"end":{"line":82,"column":49}},{"start":{},"end":{}}],"line":82}},"s":{"0":1,"1":1,"2":1,"3":1,"4":1,"5":1,"6":1,"7":1,"8":1,"9":1,"10":1,"11":4,"12":4,"13":4,"14":1,"15":3,"16":2,"17":2,"18":1,"19":1,"20":1,"21":1,"22":0,"23":0,"24":1,"25":5,"26":5,"27":5,"28":2,"29":3,"30":3,"31":1,"32":2,"33":2,"34":1,"35":1,"36":1,"37":1,"38":0,"39":0,"40":1,"41":0,"42":0,"43":0,"44":0,"45":0,"46":0,"47":0,"48":0,"49":0,"50":0,"51":0,"52":0,"53":1},"f":{"0":1,"1":4,"2":1,"3":5,"4":0},"b":{"0":[1,1],"1":[1,1],"2":[2,1],"3":[1,0],"4":[2,3],"5":[5,4],"6":[1,2],"7":[1,1],"8":[0,0],"9":[0,0]},"_coverageSchema":"1a1c01bbd47fc00a2c39e90264f33305004495a9","hash":"5e140f11d3e70a5b2ddaa945c38ae8d394b580ef"}
,"C:\\Users\\soren\\software_development\\NICU-Shift-Scheduler\\backend\\database\\dbConnection.js": {"path":"C:\\Users\\soren\\software_development\\NICU-Shift-Scheduler\\backend\\database\\dbConnection.js","statementMap":{"0":{"start":{"line":1,"column":17},"end":{"line":1,"column":36}},"1":{"start":{"line":2,"column":0},"end":{"line":2,"column":27}},"2":{"start":{"line":5,"column":0},"end":{"line":9,"column":63}},"3":{"start":{"line":8,"column":13},"end":{"line":8,"column":61}},"4":{"start":{"line":9,"column":15},"end":{"line":9,"column":61}},"5":{"start":{"line":11,"column":0},"end":{"line":11,"column":26}}},"fnMap":{"0":{"name":"(anonymous_0)","decl":{"start":{"line":8,"column":7},"end":{"line":8,"column":8}},"loc":{"start":{"line":8,"column":13},"end":{"line":8,"column":61}},"line":8},"1":{"name":"(anonymous_1)","decl":{"start":{"line":9,"column":8},"end":{"line":9,"column":9}},"loc":{"start":{"line":9,"column":15},"end":{"line":9,"column":61}},"line":9}},"branchMap":{},"s":{"0":1,"1":1,"2":1,"3":1,"4":0,"5":1},"f":{"0":1,"1":0},"b":{},"_coverageSchema":"1a1c01bbd47fc00a2c39e90264f33305004495a9","hash":"89ddf8279e4e59f901beed33581fbc3b5cf6c3d5"}
,"C:\\Users\\soren\\software_development\\NICU-Shift-Scheduler\\backend\\database\\models\\nurse.js": {"path":"C:\\Users\\soren\\software_development\\NICU-Shift-Scheduler\\backend\\database\\models\\nurse.js","statementMap":{"0":{"start":{"line":1,"column":17},"end":{"line":1,"column":36}},"1":{"start":{"line":2,"column":15},"end":{"line":2,"column":34}},"2":{"start":{"line":4,"column":20},"end":{"line":33,"column":2}},"3":{"start":{"line":35,"column":0},"end":{"line":39,"column":3}},"4":{"start":{"line":36,"column":2},"end":{"line":36,"column":50}},"5":{"start":{"line":36,"column":36},"end":{"line":36,"column":50}},"6":{"start":{"line":37,"column":2},"end":{"line":37,"column":55}},"7":{"start":{"line":38,"column":2},"end":{"line":38,"column":9}},"8":{"start":{"line":41,"column":0},"end":{"line":41,"column":54}}},"fnMap":{"0":{"name":"(anonymous_0)","decl":{"start":{"line":35,"column":24},"end":{"line":35,"column":25}},"loc":{"start":{"line":35,"column":45},"end":{"line":39,"column":1}},"line":35}},"branchMap":{"0":{"loc":{"start":{"line":36,"column":2},"end":{"line":36,"column":50}},"type":"if","locations":[{"start":{"line":36,"column":2},"end":{"line":36,"column":50}},{"start":{},"end":{}}],"line":36}},"s":{"0":1,"1":1,"2":1,"3":1,"4":4,"5":0,"6":4,"7":4,"8":1},"f":{"0":4},"b":{"0":[0,4]},"_coverageSchema":"1a1c01bbd47fc00a2c39e90264f33305004495a9","hash":"9e6092b0707fc30b5dcfb120108144910862a8d8"}
,"C:\\Users\\soren\\software_development\\NICU-Shift-Scheduler\\backend\\database\\models\\token.js": {"path":"C:\\Users\\soren\\software_development\\NICU-Shift-Scheduler\\backend\\database\\models\\token.js","statementMap":{"0":{"start":{"line":1,"column":17},"end":{"line":1,"column":36}},"1":{"start":{"line":3,"column":20},"end":{"line":7,"column":24}},"2":{"start":{"line":9,"column":0},"end":{"line":9,"column":54}}},"fnMap":{},"branchMap":{},"s":{"0":1,"1":1,"2":1},"f":{},"b":{},"_coverageSchema":"1a1c01bbd47fc00a2c39e90264f33305004495a9","hash":"598e9e78b8cec00b853ea578f3dde842c3bf2ee7"}
,"C:\\Users\\soren\\software_development\\NICU-Shift-Scheduler\\backend\\middleware\\auth.js": {"path":"C:\\Users\\soren\\software_development\\NICU-Shift-Scheduler\\backend\\middleware\\auth.js","statementMap":{"0":{"start":{"line":1,"column":12},"end":{"line":1,"column":35}},"1":{"start":{"line":2,"column":22},"end":{"line":2,"column":53}},"2":{"start":{"line":4,"column":26},"end":{"line":29,"column":1}},"3":{"start":{"line":6,"column":4},"end":{"line":6,"column":42}},"4":{"start":{"line":7,"column":4},"end":{"line":28,"column":5}},"5":{"start":{"line":8,"column":27},"end":{"line":8,"column":55}},"6":{"start":{"line":9,"column":22},"end":{"line":9,"column":47}},"7":{"start":{"line":11,"column":8},"end":{"line":13,"column":9}},"8":{"start":{"line":12,"column":12},"end":{"line":12,"column":93}},"9":{"start":{"line":15,"column":8},"end":{"line":23,"column":11}},"10":{"start":{"line":16,"column":12},"end":{"line":18,"column":13}},"11":{"start":{"line":17,"column":16},"end":{"line":17,"column":90}},"12":{"start":{"line":20,"column":12},"end":{"line":20,"column":39}},"13":{"start":{"line":21,"column":12},"end":{"line":21,"column":30}},"14":{"start":{"line":22,"column":12},"end":{"line":22,"column":19}},"15":{"start":{"line":26,"column":8},"end":{"line":26,"column":53}},"16":{"start":{"line":27,"column":8},"end":{"line":27,"column":83}},"17":{"start":{"line":30,"column":0},"end":{"line":30,"column":35}}},"fnMap":{"0":{"name":"(anonymous_0)","decl":{"start":{"line":4,"column":26},"end":{"line":4,"column":27}},"loc":{"start":{"line":4,"column":46},"end":{"line":29,"column":1}},"line":4},"1":{"name":"(anonymous_1)","decl":{"start":{"line":15,"column":41},"end":{"line":15,"column":42}},"loc":{"start":{"line":15,"column":57},"end":{"line":23,"column":9}},"line":15}},"branchMap":{"0":{"loc":{"start":{"line":11,"column":8},"end":{"line":13,"column":9}},"type":"if","locations":[{"start":{"line":11,"column":8},"end":{"line":13,"column":9}},{"start":{},"end":{}}],"line":11},"1":{"loc":{"start":{"line":16,"column":12},"end":{"line":18,"column":13}},"type":"if","locations":[{"start":{"line":16,"column":12},"end":{"line":18,"column":13}},{"start":{},"end":{}}],"line":16}},"s":{"0":1,"1":1,"2":1,"3":0,"4":0,"5":0,"6":0,"7":0,"8":0,"9":0,"10":0,"11":0,"12":0,"13":0,"14":0,"15":0,"16":0,"17":1},"f":{"0":0,"1":0},"b":{"0":[0,0],"1":[0,0]},"_coverageSchema":"1a1c01bbd47fc00a2c39e90264f33305004495a9","hash":"77676f0d8f6483912708410ddcb16a1007464917"}
,"C:\\Users\\soren\\software_development\\NICU-Shift-Scheduler\\backend\\routes\\loginRoutes.js": {"path":"C:\\Users\\soren\\software_development\\NICU-Shift-Scheduler\\backend\\routes\\loginRoutes.js","statementMap":{"0":{"start":{"line":1,"column":16},"end":{"line":1,"column":34}},"1":{"start":{"line":2,"column":15},"end":{"line":2,"column":31}},"2":{"start":{"line":3,"column":43},"end":{"line":3,"column":84}},"3":{"start":{"line":4,"column":26},"end":{"line":4,"column":55}},"4":{"start":{"line":8,"column":0},"end":{"line":8,"column":36}},"5":{"start":{"line":9,"column":0},"end":{"line":9,"column":34}},"6":{"start":{"line":10,"column":0},"end":{"line":10,"column":33}},"7":{"start":{"line":12,"column":0},"end":{"line":12,"column":24}}},"fnMap":{},"branchMap":{},"s":{"0":1,"1":1,"2":1,"3":1,"4":1,"5":1,"6":1,"7":1},"f":{},"b":{},"_coverageSchema":"1a1c01bbd47fc00a2c39e90264f33305004495a9","hash":"72dfc31932e8ad8d1e03cdda8d50e01d9adf8904"}
}
