TN:
SF:index.js
FN:7,(anonymous_0)
FN:19,(anonymous_1)
FN:20,(anonymous_2)
FN:25,(anonymous_3)
FN:37,(anonymous_4)
FNF:5
FNH:3
FNDA:1,(anonymous_0)
FNDA:1,(anonymous_1)
FNDA:0,(anonymous_2)
FNDA:1,(anonymous_3)
FNDA:0,(anonymous_4)
DA:1,1
DA:2,1
DA:3,1
DA:4,1
DA:5,1
DA:7,1
DA:9,1
DA:10,1
DA:11,1
DA:13,1
DA:16,1
DA:19,1
DA:20,0
DA:23,1
DA:24,1
DA:25,1
DA:26,1
DA:30,1
DA:31,1
DA:34,1
DA:37,1
DA:38,0
DA:41,1
DA:42,1
DA:45,1
LF:25
LH:23
BRDA:11,0,0,1
BRDA:11,0,1,1
BRF:2
BRH:2
end_of_record
TN:
SF:controllers\loginController.js
FN:12,(anonymous_0)
FN:19,(anonymous_1)
FN:32,(anonymous_2)
FN:44,(anonymous_3)
FN:77,(anonymous_4)
FNF:5
FNH:4
FNDA:1,(anonymous_0)
FNDA:4,(anonymous_1)
FNDA:1,(anonymous_2)
FNDA:5,(anonymous_3)
FNDA:0,(anonymous_4)
DA:2,1
DA:3,1
DA:4,1
DA:5,1
DA:10,1
DA:11,1
DA:12,1
DA:13,1
DA:14,1
DA:15,1
DA:19,1
DA:20,4
DA:22,4
DA:24,4
DA:25,1
DA:27,3
DA:28,2
DA:29,2
DA:31,1
DA:32,1
DA:33,1
DA:35,0
DA:36,0
DA:44,1
DA:45,5
DA:46,5
DA:48,5
DA:49,2
DA:52,3
DA:53,3
DA:54,1
DA:57,2
DA:58,2
DA:59,1
DA:62,1
DA:64,1
DA:70,1
DA:72,0
DA:73,0
DA:77,1
DA:78,0
DA:79,0
DA:81,0
DA:82,0
DA:84,0
DA:85,0
DA:86,0
DA:87,0
DA:89,0
DA:90,0
DA:94,1
LF:51
LH:37
BRDA:10,0,0,1
BRDA:10,0,1,1
BRDA:11,1,0,1
BRDA:11,1,1,1
BRDA:27,2,0,2
BRDA:27,2,1,1
BRDA:31,3,0,1
BRDA:31,3,1,0
BRDA:48,4,0,2
BRDA:48,4,1,3
BRDA:48,5,0,5
BRDA:48,5,1,4
BRDA:53,6,0,1
BRDA:53,6,1,2
BRDA:58,7,0,1
BRDA:58,7,1,1
BRDA:79,8,0,0
BRDA:79,8,1,0
BRDA:82,9,0,0
BRDA:82,9,1,0
BRF:20
BRH:15
end_of_record
TN:
SF:database\dbConnection.js
FN:8,(anonymous_0)
FN:9,(anonymous_1)
FNF:2
FNH:1
FNDA:1,(anonymous_0)
FNDA:0,(anonymous_1)
DA:1,1
DA:2,1
DA:5,1
DA:8,1
DA:9,0
DA:11,1
LF:6
LH:5
BRF:0
BRH:0
end_of_record
TN:
SF:database\models\nurse.js
FN:35,(anonymous_0)
FNF:1
FNH:1
FNDA:4,(anonymous_0)
DA:1,1
DA:2,1
DA:4,1
DA:35,1
DA:36,4
DA:37,4
DA:38,4
DA:41,1
LF:8
LH:8
BRDA:36,0,0,0
BRDA:36,0,1,4
BRF:2
BRH:1
end_of_record
TN:
SF:database\models\token.js
FNF:0
FNH:0
DA:1,1
DA:3,1
DA:9,1
LF:3
LH:3
BRF:0
BRH:0
end_of_record
TN:
SF:middleware\auth.js
FN:4,(anonymous_0)
FN:15,(anonymous_1)
FNF:2
FNH:0
FNDA:0,(anonymous_0)
FNDA:0,(anonymous_1)
DA:1,1
DA:2,1
DA:4,1
DA:6,0
DA:7,0
DA:8,0
DA:9,0
DA:11,0
DA:12,0
DA:15,0
DA:16,0
DA:17,0
DA:20,0
DA:21,0
DA:22,0
DA:26,0
DA:27,0
DA:30,1
LF:18
LH:4
BRDA:11,0,0,0
BRDA:11,0,1,0
BRDA:16,1,0,0
BRDA:16,1,1,0
BRF:4
BRH:0
end_of_record
TN:
SF:routes\loginRoutes.js
FNF:0
FNH:0
DA:1,1
DA:2,1
DA:3,1
DA:4,1
DA:8,1
DA:9,1
DA:10,1
DA:12,1
LF:8
LH:8
BRF:0
BRH:0
end_of_record
